<?xml version="1.0" encoding="UTF-8"?>
<!-- Generated by org.testng.reporters.JUnitReportReporter -->
<testsuite skipped="0" hostname="anand3825" name="org.echocat.kata.java.part1.MainAppUnitTest" tests="1" failures="0" timestamp="07 Sep 2017 22:16:42 GMT" time="0.060" errors="0">
  <testcase name="testGetHelloWorldText" time="0.060" classname="org.echocat.kata.java.part1.MainAppUnitTest"/>
</testsuite> <!-- org.echocat.kata.java.part1.MainAppUnitTest -->
